1510826743413	geckodriver	INFO	geckodriver 0.19.1
1510826743419	geckodriver	INFO	Listening on 127.0.0.1:60848
1510826745442	mozrunner::runner	INFO	Running command: "F:\\Program Files (x86)\\Mozilla Firefox\\firefox.exe" "-marionette" "-profile" "C:\\Users\\XUCHUN~1.CHE\\AppData\\Local\\Temp\\rust_mozprofile.Rfus1MUXiXH8"
1510826745799	addons.xpi	WARN	Error parsing extensions state: [Exception... "Component returned failure code: 0x80520012 (NS_ERROR_FILE_NOT_FOUND) [amIAddonManagerStartup.readStartupData]"  nsresult: "0x80520012 (NS_ERROR_FILE_NOT_FOUND)"  location: "JS frame :: resource://gre/modules/addons/XPIProvider.jsm :: loadExtensionState :: line 1554"  data: no] Stack trace: loadExtensionState()@resource://gre/modules/addons/XPIProvider.jsm:1554 < getInstallState()@resource://gre/modules/addons/XPIProvider.jsm:1589 < checkForChanges()@resource://gre/modules/addons/XPIProvider.jsm:3109 < startup()@resource://gre/modules/addons/XPIProvider.jsm:2188 < callProvider()@resource://gre/modules/AddonManager.jsm:269 < _startProvider()@resource://gre/modules/AddonManager.jsm:739 < startup()@resource://gre/modules/AddonManager.jsm:906 < startup()@resource://gre/modules/AddonManager.jsm:3090 < observe()@jar:file:///F:/Program%20Files%20(x86)/Mozilla%20Firefox/omni.ja!/components/addonManager.js:65
1510826748401	Marionette	INFO	Enabled via --marionette
Unable to read VR Path Registry from C:\Users\xuchun.chen\AppData\Local\openvr\openvrpaths.vrpath
[Parent 859464] WARNING: pipe error: 109: file z:/build/build/src/ipc/chromium/src/chrome/common/ipc_channel_win.cc, line 346
Unable to read VR Path Registry from C:\Users\xuchun.chen\AppData\Local\openvr\openvrpaths.vrpath
[Child 860440] WARNING: pipe error: 109: file z:/build/build/src/ipc/chromium/src/chrome/common/ipc_channel_win.cc, line 346
[Child 860440] WARNING: pipe error: 109: file z:/build/build/src/ipc/chromium/src/chrome/common/ipc_channel_win.cc, line 346
1510826754275	Marionette	INFO	Listening on port 60862
1510826754855	Marionette	WARN	TLS certificate errors will be ignored for this session
1510826754885	Marionette	DEBUG	Register listener.js for window 6442450945
1510826754918	Marionette	DEBUG	Received DOM event "beforeunload" for "about:blank"
1510826755179	Marionette	DEBUG	Received DOM event "pagehide" for "about:blank"
1510826755179	Marionette	DEBUG	Received DOM event "unload" for "about:blank"
1510826755554	Marionette	DEBUG	Received DOM event "DOMContentLoaded" for "http://www.126.com/"
1510826755667	Marionette	DEBUG	Received DOM event "pageshow" for "http://www.126.com/"
1510826757423	Marionette	DEBUG	Canceled page load listener because no navigation has been detected
1510826757427	Marionette	INFO	New connections will no longer be accepted
[Parent 850528] WARNING: pipe error: 109: file z:/build/build/src/ipc/chromium/src/chrome/common/ipc_channel_win.cc, line 346
Unable to read VR Path Registry from C:\Users\xuchun.chen\AppData\Local\openvr\openvrpaths.vrpath
[Child 859164] WARNING: pipe error: 109: file z:/build/build/src/ipc/chromium/src/chrome/common/ipc_channel_win.cc, line 346
